<?xml version="1.0" encoding="UTF-8"?>
<coverage generated="1685110190136" clover="3.2.0">
  <project timestamp="1685110190136" name="All files">
    <metrics statements="9" coveredstatements="7" conditionals="2" coveredconditionals="1" methods="1" coveredmethods="1" elements="12" coveredelements="9" complexity="0" loc="9" ncloc="9" packages="1" files="1" classes="1"/>
    <file name="check.js" path="C:\Users\ysmh1\Documents\dev\testCode-studynote\src\mock\check\check.js">
      <metrics statements="9" coveredstatements="7" conditionals="2" coveredconditionals="1" methods="1" coveredmethods="1"/>
      <line num="1" count="1" type="cond" truecount="1" falsecount="0"/>
      <line num="2" count="1" type="stmt"/>
      <line num="3" count="1" type="stmt"/>
      <line num="4" count="1" type="cond" truecount="0" falsecount="1"/>
      <line num="5" count="0" type="stmt"/>
      <line num="6" count="0" type="stmt"/>
      <line num="7" count="1" type="stmt"/>
      <line num="8" count="1" type="stmt"/>
      <line num="9" count="1" type="stmt"/>
    </file>
  </project>
</coverage>
