TN:
SF:src\stack\stack.js
FN:2,Stack
FN:7,size
FN:11,push
FN:17,pop
FN:27,peek
FNF:5
FNH:5
FNDA:6,Stack
FNDA:3,size
FNDA:5,push
FNDA:3,pop
FNDA:2,peek
DA:1,1
DA:2,1
DA:3,6
DA:4,6
DA:5,6
DA:6,1
DA:7,1
DA:8,3
DA:9,3
DA:10,1
DA:11,1
DA:12,5
DA:13,5
DA:14,5
DA:15,5
DA:16,1
DA:17,1
DA:18,3
DA:19,1
DA:20,1
DA:21,2
DA:22,2
DA:23,2
DA:24,2
DA:25,2
DA:26,1
DA:27,1
DA:28,2
DA:29,1
DA:30,1
DA:31,1
DA:32,1
DA:33,1
DA:34,1
DA:35,1
DA:36,1
LF:36
LH:36
BRDA:2,0,0,6
BRDA:7,1,0,3
BRDA:11,2,0,5
BRDA:17,3,0,3
BRDA:18,4,0,1
BRDA:20,5,0,2
BRDA:27,6,0,2
BRDA:28,7,0,1
BRF:8
BRH:8
end_of_record
