TN:
SF:src\mock\check\check.js
FN:1,check
FNF:1
FNH:1
FNDA:2,check
DA:1,2
DA:2,2
DA:3,1
DA:4,1
DA:5,1
DA:6,1
DA:7,2
DA:8,1
DA:9,1
LF:9
LH:9
BRDA:1,0,0,2
BRDA:2,1,0,1
BRF:2
BRH:2
end_of_record
TN:
SF:src\mock\product\product_client.js
FN:2,fetchItems
FNF:1
FNH:0
FNDA:0,fetchItems
DA:1,1
DA:2,1
DA:3,0
DA:4,0
DA:5,0
DA:6,0
DA:7,1
DA:8,1
DA:9,1
LF:9
LH:5
BRF:0
BRH:0
end_of_record
TN:
SF:src\mock\product\product_service_no_di.js
FN:3,ProductService
FN:7,fetchAvailableItems
FNF:2
FNH:2
FNDA:2,ProductService
FNDA:2,fetchAvailableItems
DA:1,1
DA:2,1
DA:3,1
DA:4,2
DA:5,2
DA:6,1
DA:7,1
DA:8,2
DA:9,2
DA:10,2
DA:11,2
DA:12,1
DA:13,1
DA:14,1
LF:14
LH:14
BRDA:3,0,0,2
BRDA:7,1,0,2
BRDA:10,2,0,2
BRDA:10,3,0,4
BRF:4
BRH:4
end_of_record
